<?xml version="1.0" encoding="UTF-8"?>
<!-- Generated by org.testng.reporters.JUnitReportReporter -->
<testsuite hostname="DESKTOP-1AO49G3" failures="0" tests="1" name="driverFactory.TestScript" time="51.286" errors="0" timestamp="2023-04-15T14:07:35 IST" skipped="0">
  <testcase classname="driverFactory.TestScript" name="startTest" time="51.286"/>
  <system-out>
    <![CDATA[No of rows are ::10
Add Employee Success::19623   19623
Add Employee Success::19624   19624
Add Employee Success::19625   19625
Add Employee Success::19626   19626
Add Employee Success::19627   19627
Add Employee Success::19628   19628
Add Employee Success::19629   19629
Add Employee Success::19630   19630
Add Employee Success::19631   19631
Add Employee Success::19632   19632]]>
  </system-out>
</testsuite> <!-- driverFactory.TestScript -->
