<?xml version="1.0" encoding="UTF-8"?>
<!-- Generated by org.testng.reporters.JUnitReportReporter -->
<testsuite hostname="DESKTOP-1AO49G3" failures="0" tests="1" name="driverFactory.DriverScript" time="34.799" errors="0" timestamp="2023-04-11T16:50:47 IST" skipped="0">
  <testcase classname="driverFactory.DriverScript" name="satrtTest" time="34.799"/>
  <system-out>
    <![CDATA[No of rows are::10
Login Success::dashboard     http://orangehrm.qedgetech.com/symfony/web/index.php/dashboard
Invalid credentials  dashboard     http://orangehrm.qedgetech.com/symfony/web/index.php/auth/validateCredentials
Login Success::dashboard     http://orangehrm.qedgetech.com/symfony/web/index.php/dashboard
Username cannot be empty  dashboard     http://orangehrm.qedgetech.com/symfony/web/index.php/auth/login
Invalid credentials  dashboard     http://orangehrm.qedgetech.com/symfony/web/index.php/auth/validateCredentials
Username cannot be empty  dashboard     http://orangehrm.qedgetech.com/symfony/web/index.php/auth/login
Invalid credentials  dashboard     http://orangehrm.qedgetech.com/symfony/web/index.php/auth/validateCredentials
Username cannot be empty  dashboard     http://orangehrm.qedgetech.com/symfony/web/index.php/auth/login
Password cannot be empty  dashboard     http://orangehrm.qedgetech.com/symfony/web/index.php/auth/login
Login Success::dashboard     http://orangehrm.qedgetech.com/symfony/web/index.php/dashboard]]>
  </system-out>
</testsuite> <!-- driverFactory.DriverScript -->
